mode: set
github.com/mukulrawat1986/simple-todo/repo.go:10.13,13.2 2 1
github.com/mukulrawat1986/simple-todo/repo.go:15.32,16.26 1 0
github.com/mukulrawat1986/simple-todo/repo.go:22.2,22.15 1 0
github.com/mukulrawat1986/simple-todo/repo.go:16.26,17.17 1 0
github.com/mukulrawat1986/simple-todo/repo.go:17.17,19.4 1 0
github.com/mukulrawat1986/simple-todo/repo.go:25.34,30.2 4 1
github.com/mukulrawat1986/simple-todo/repo.go:32.36,33.26 1 0
github.com/mukulrawat1986/simple-todo/repo.go:40.2,40.70 1 0
github.com/mukulrawat1986/simple-todo/repo.go:33.26,34.17 1 0
github.com/mukulrawat1986/simple-todo/repo.go:34.17,37.4 2 0
github.com/mukulrawat1986/simple-todo/router.go:9.30,12.31 2 0
github.com/mukulrawat1986/simple-todo/router.go:24.2,24.15 1 0
github.com/mukulrawat1986/simple-todo/router.go:12.31,22.3 4 0
github.com/mukulrawat1986/simple-todo/handlers.go:14.57,17.16 3 1
github.com/mukulrawat1986/simple-todo/handlers.go:23.2,23.39 1 1
github.com/mukulrawat1986/simple-todo/handlers.go:29.2,29.52 1 1
github.com/mukulrawat1986/simple-todo/handlers.go:35.2,38.53 4 1
github.com/mukulrawat1986/simple-todo/handlers.go:17.16,21.3 3 0
github.com/mukulrawat1986/simple-todo/handlers.go:23.39,27.3 3 0
github.com/mukulrawat1986/simple-todo/handlers.go:29.52,33.3 3 0
github.com/mukulrawat1986/simple-todo/handlers.go:38.53,39.3 0 0
github.com/mukulrawat1986/simple-todo/handlers.go:42.56,47.57 3 0
github.com/mukulrawat1986/simple-todo/handlers.go:47.57,50.3 2 0
github.com/mukulrawat1986/simple-todo/handlers.go:53.52,58.2 3 0
github.com/mukulrawat1986/simple-todo/handlers.go:60.55,68.2 5 0
github.com/mukulrawat1986/simple-todo/logger.go:9.59,10.53 1 0
github.com/mukulrawat1986/simple-todo/logger.go:24.2,24.29 1 0
github.com/mukulrawat1986/simple-todo/logger.go:10.53,22.3 3 0
github.com/mukulrawat1986/simple-todo/main.go:8.13,12.2 2 0
